<html>
<head>
<title>TestNG:  API test</title>
<link href="../testng.css" rel="stylesheet" type="text/css" />
<link href="../my-testng.css" rel="stylesheet" type="text/css" />

<style type="text/css">
.log { display: none;} 
.stack-trace { display: none;} 
</style>
<script type="text/javascript">
<!--
function flip(e) {
  current = e.style.display;
  if (current == 'block') {
    e.style.display = 'none';
    return 0;
  }
  else {
    e.style.display = 'block';
    return 1;
  }
}

function toggleBox(szDivId, elem, msg1, msg2)
{
  var res = -1;  if (document.getElementById) {
    res = flip(document.getElementById(szDivId));
  }
  else if (document.all) {
    // this is the way old msie versions work
    res = flip(document.all[szDivId]);
  }
  if(elem) {
    if(res == 0) elem.innerHTML = msg1; else elem.innerHTML = msg2;
  }

}

function toggleAllBoxes() {
  if (document.getElementsByTagName) {
    d = document.getElementsByTagName('div');
    for (i = 0; i < d.length; i++) {
      if (d[i].className == 'log') {
        flip(d[i]);
      }
    }
  }
}

// -->
</script>

</head>
<body>
<h2 align='center'>API test</h2><table border='1' align="center">
<tr>
<td>Tests passed/Failed/Skipped:</td><td>9/0/0</td>
</tr><tr>
<td>Started on:</td><td>Mon Mar 01 17:32:10 CET 2021</td>
</tr>
<tr><td>Total time:</td><td>4 seconds (4252 ms)</td>
</tr><tr>
<td>Included groups:</td><td></td>
</tr><tr>
<td>Excluded groups:</td><td></td>
</tr>
</table><p/>
<small><i>(Hover the method name to see the test class name)</i></small><p/>
<table width='100%' border='1' class='invocation-passed'>
<tr><td colspan='4' align='center'><b>PASSED TESTS</b></td></tr>
<tr><td><b>Test method</b></td>
<td width="30%"><b>Exception</b></td>
<td width="10%"><b>Time (seconds)</b></td>
<td><b>Instance</b></td>
</tr>
<tr>
<td title='Tests.APITest.negetiveTestForPostCodeAndPlace()'><b>negetiveTestForPostCodeAndPlace</b><br>Test class: Tests.APITest<br/>
<a href="#Output-1914615775" onClick='toggleBox("Output-1914615775", this, "Show output", "Hide output");'>Show output</a>

<a href="#Output-1914615775" onClick="toggleAllBoxes();">Show all outputs</a>
<div class='log' id="Output-1914615775">
Negative test for test 'testForPostCodeAndPlace'<br/>
</div>
</td>
<td><div><pre>java.lang.AssertionError: Not matched
	at org.junit.Assert.fail(Assert.java:88)
	at org.junit.Assert.assertTrue(Assert.java:41)
	at apiBase.APIBase.assertPostCodeAndPlaceName(APIBase.java:94)
	at Tests.APITest.negetiveTestForPostCodeAndPlace(APITest.java:44)
	at com.intellij.rt.testng.IDEARemoteTestNG.run(IDEARemoteTestNG.java:66)
	at com.intellij.rt.testng.RemoteTestNGStarter.main(RemoteTestNGStarter.java:109)
... Removed 22 stack frames</pre></div><a href='#' onClick='toggleBox("stack-trace1914615775", this, "Click to show all stack frames", "Click to hide stack frames")'>Click to show all stack frames</a>
<div class='stack-trace' id='stack-trace1914615775'><pre>java.lang.AssertionError: Not matched
	at org.junit.Assert.fail(Assert.java:88)
	at org.junit.Assert.assertTrue(Assert.java:41)
	at apiBase.APIBase.assertPostCodeAndPlaceName(APIBase.java:94)
	at Tests.APITest.negetiveTestForPostCodeAndPlace(APITest.java:44)
	at sun.reflect.NativeMethodAccessorImpl.invoke0(Native Method)
	at sun.reflect.NativeMethodAccessorImpl.invoke(NativeMethodAccessorImpl.java:62)
	at sun.reflect.DelegatingMethodAccessorImpl.invoke(DelegatingMethodAccessorImpl.java:43)
	at java.lang.reflect.Method.invoke(Method.java:498)
	at org.testng.internal.MethodInvocationHelper.invokeMethod(MethodInvocationHelper.java:124)
	at org.testng.internal.Invoker.invokeMethod(Invoker.java:583)
	at org.testng.internal.Invoker.invokeTestMethod(Invoker.java:719)
	at org.testng.internal.Invoker.invokeTestMethods(Invoker.java:989)
	at org.testng.internal.TestMethodWorker.invokeTestMethods(TestMethodWorker.java:125)
	at org.testng.internal.TestMethodWorker.run(TestMethodWorker.java:109)
	at org.testng.TestRunner.privateRun(TestRunner.java:648)
	at org.testng.TestRunner.run(TestRunner.java:505)
	at org.testng.SuiteRunner.runTest(SuiteRunner.java:455)
	at org.testng.SuiteRunner.runSequentially(SuiteRunner.java:450)
	at org.testng.SuiteRunner.privateRun(SuiteRunner.java:415)
	at org.testng.SuiteRunner.run(SuiteRunner.java:364)
	at org.testng.SuiteRunnerWorker.runSuite(SuiteRunnerWorker.java:52)
	at org.testng.SuiteRunnerWorker.run(SuiteRunnerWorker.java:84)
	at org.testng.TestNG.runSuitesSequentially(TestNG.java:1208)
	at org.testng.TestNG.runSuitesLocally(TestNG.java:1137)
	at org.testng.TestNG.runSuites(TestNG.java:1049)
	at org.testng.TestNG.run(TestNG.java:1017)
	at com.intellij.rt.testng.IDEARemoteTestNG.run(IDEARemoteTestNG.java:66)
	at com.intellij.rt.testng.RemoteTestNGStarter.main(RemoteTestNGStarter.java:109)
</pre></div></td>
<td>0</td>
<td>Tests.APITest@712625fd</td></tr>
<tr>
<td title='Tests.APITest.negetiveTestForStatusCodeAndJson()'><b>negetiveTestForStatusCodeAndJson</b><br>Test class: Tests.APITest<br/>
<a href="#Output-741370455" onClick='toggleBox("Output-741370455", this, "Show output", "Hide output");'>Show output</a>

<a href="#Output-741370455" onClick="toggleAllBoxes();">Show all outputs</a>
<div class='log' id="Output-741370455">
Negative test for the method 'testForStatusCodeAndJson'<br/>
</div>
</td>
<td><div><pre>java.lang.IllegalThreadStateException: Status code not ok 200 (ok): InboundJaxrsResponse{ClientResponse{method=GET, uri=http://api.zippopotam.us/en/bw/stuttgart, status=404, reason=Not Found}}
{}
	at apiBase.APIBase.assertResponseJsonAndStatusCode(APIBase.java:66)
	at Tests.APITest.negetiveTestForStatusCodeAndJson(APITest.java:20)
	at com.intellij.rt.testng.IDEARemoteTestNG.run(IDEARemoteTestNG.java:66)
	at com.intellij.rt.testng.RemoteTestNGStarter.main(RemoteTestNGStarter.java:109)
... Removed 22 stack frames</pre></div><a href='#' onClick='toggleBox("stack-trace741370455", this, "Click to show all stack frames", "Click to hide stack frames")'>Click to show all stack frames</a>
<div class='stack-trace' id='stack-trace741370455'><pre>java.lang.IllegalThreadStateException: Status code not ok 200 (ok): InboundJaxrsResponse{ClientResponse{method=GET, uri=http://api.zippopotam.us/en/bw/stuttgart, status=404, reason=Not Found}}
{}
	at apiBase.APIBase.assertResponseJsonAndStatusCode(APIBase.java:66)
	at Tests.APITest.negetiveTestForStatusCodeAndJson(APITest.java:20)
	at sun.reflect.NativeMethodAccessorImpl.invoke0(Native Method)
	at sun.reflect.NativeMethodAccessorImpl.invoke(NativeMethodAccessorImpl.java:62)
	at sun.reflect.DelegatingMethodAccessorImpl.invoke(DelegatingMethodAccessorImpl.java:43)
	at java.lang.reflect.Method.invoke(Method.java:498)
	at org.testng.internal.MethodInvocationHelper.invokeMethod(MethodInvocationHelper.java:124)
	at org.testng.internal.Invoker.invokeMethod(Invoker.java:583)
	at org.testng.internal.Invoker.invokeTestMethod(Invoker.java:719)
	at org.testng.internal.Invoker.invokeTestMethods(Invoker.java:989)
	at org.testng.internal.TestMethodWorker.invokeTestMethods(TestMethodWorker.java:125)
	at org.testng.internal.TestMethodWorker.run(TestMethodWorker.java:109)
	at org.testng.TestRunner.privateRun(TestRunner.java:648)
	at org.testng.TestRunner.run(TestRunner.java:505)
	at org.testng.SuiteRunner.runTest(SuiteRunner.java:455)
	at org.testng.SuiteRunner.runSequentially(SuiteRunner.java:450)
	at org.testng.SuiteRunner.privateRun(SuiteRunner.java:415)
	at org.testng.SuiteRunner.run(SuiteRunner.java:364)
	at org.testng.SuiteRunnerWorker.runSuite(SuiteRunnerWorker.java:52)
	at org.testng.SuiteRunnerWorker.run(SuiteRunnerWorker.java:84)
	at org.testng.TestNG.runSuitesSequentially(TestNG.java:1208)
	at org.testng.TestNG.runSuitesLocally(TestNG.java:1137)
	at org.testng.TestNG.runSuites(TestNG.java:1049)
	at org.testng.TestNG.run(TestNG.java:1017)
	at com.intellij.rt.testng.IDEARemoteTestNG.run(IDEARemoteTestNG.java:66)
	at com.intellij.rt.testng.RemoteTestNGStarter.main(RemoteTestNGStarter.java:109)
</pre></div></td>
<td>0</td>
<td>Tests.APITest@712625fd</td></tr>
<tr>
<td title='Tests.APITest.testDataDrivenApi()'><b>testDataDrivenApi</b><br>Test class: Tests.APITest<br>Parameters: us, 90210, Beverly Hills<br/>
<a href="#Output-1245439653" onClick='toggleBox("Output-1245439653", this, "Show output", "Hide output");'>Show output</a>

<a href="#Output-1245439653" onClick="toggleAllBoxes();">Show all outputs</a>
<div class='log' id="Output-1245439653">
Date driven Test<br/>
Step 1: Verify that the response status code is 200 and content type is JSON.<br/>
Step 2: Verify that the response time is below 1s.<br/>
Step 3: Verify in Response - 'Place Name' for each input 'Country' and 'Postal Code'.<br/>
</div>
</td>
<td></td>
<td>0</td>
<td>Tests.APITest@712625fd</td></tr>
<tr>
<td title='Tests.APITest.testDataDrivenApi()'><b>testDataDrivenApi</b><br>Test class: Tests.APITest<br>Parameters: us, 12345, Schenectady<br/>
<a href="#Output-924915581" onClick='toggleBox("Output-924915581", this, "Show output", "Hide output");'>Show output</a>

<a href="#Output-924915581" onClick="toggleAllBoxes();">Show all outputs</a>
<div class='log' id="Output-924915581">
Date driven Test<br/>
Step 1: Verify that the response status code is 200 and content type is JSON.<br/>
Step 2: Verify that the response time is below 1s.<br/>
Step 3: Verify in Response - 'Place Name' for each input 'Country' and 'Postal Code'.<br/>
</div>
</td>
<td></td>
<td>0</td>
<td>Tests.APITest@712625fd</td></tr>
<tr>
<td title='Tests.APITest.testDataDrivenApi()'><b>testDataDrivenApi</b><br>Test class: Tests.APITest<br>Parameters: ca, B2R, Waverley<br/>
<a href="#Output-1668385683" onClick='toggleBox("Output-1668385683", this, "Show output", "Hide output");'>Show output</a>

<a href="#Output-1668385683" onClick="toggleAllBoxes();">Show all outputs</a>
<div class='log' id="Output-1668385683">
Date driven Test<br/>
Step 1: Verify that the response status code is 200 and content type is JSON.<br/>
Step 2: Verify that the response time is below 1s.<br/>
Step 3: Verify in Response - 'Place Name' for each input 'Country' and 'Postal Code'.<br/>
</div>
</td>
<td></td>
<td>0</td>
<td>Tests.APITest@712625fd</td></tr>
<tr>
<td title='Tests.APITest.testForCountryAndState()'><b>testForCountryAndState</b><br>Test class: Tests.APITest<br/>
<a href="#Output-1536478396" onClick='toggleBox("Output-1536478396", this, "Show output", "Hide output");'>Show output</a>

<a href="#Output-1536478396" onClick="toggleAllBoxes();">Show all outputs</a>
<div class='log' id="Output-1536478396">
Verify in Response - That country is 'Germany' and state is 'Baden-WÃ¼rttemberg'.<br/>
</div>
</td>
<td></td>
<td>0</td>
<td>Tests.APITest@712625fd</td></tr>
<tr>
<td title='Tests.APITest.testForPostCodeAndPlace()'><b>testForPostCodeAndPlace</b><br>Test class: Tests.APITest<br/>
<a href="#Output-950125603" onClick='toggleBox("Output-950125603", this, "Show output", "Hide output");'>Show output</a>

<a href="#Output-950125603" onClick="toggleAllBoxes();">Show all outputs</a>
<div class='log' id="Output-950125603">
Verify in Response - For Post Code '70597' the place name has 'Stuttgart Degerloch'.<br/>
</div>
</td>
<td></td>
<td>0</td>
<td>Tests.APITest@712625fd</td></tr>
<tr>
<td title='Tests.APITest.testForResponseTime()'><b>testForResponseTime</b><br>Test class: Tests.APITest<br/>
<a href="#Output-862152124" onClick='toggleBox("Output-862152124", this, "Show output", "Hide output");'>Show output</a>

<a href="#Output-862152124" onClick="toggleAllBoxes();">Show all outputs</a>
<div class='log' id="Output-862152124">
Verify that the response time is below 1s.<br/>
</div>
</td>
<td></td>
<td>0</td>
<td>Tests.APITest@712625fd</td></tr>
<tr>
<td title='Tests.APITest.testForStatusCodeAndJson()'><b>testForStatusCodeAndJson</b><br>Test class: Tests.APITest<br/>
<a href="#Output-954937264" onClick='toggleBox("Output-954937264", this, "Show output", "Hide output");'>Show output</a>

<a href="#Output-954937264" onClick="toggleAllBoxes();">Show all outputs</a>
<div class='log' id="Output-954937264">
Verify that the response status code is 200 and content type is JSON.<br/>
</div>
</td>
<td></td>
<td>0</td>
<td>Tests.APITest@712625fd</td></tr>
</table><p>
</body>
</html>