<?xml version="1.0" encoding="UTF-8"?>
<!-- Generated by org.testng.reporters.JUnitXMLReporter -->
<testsuite hostname="Lokeshs-Air-250" ignored="0" name="API test" tests="9" failures="0" timestamp="01 Mar 2021 16:32:15 GMT" time="4.252" errors="0">
  <testcase name="negetiveTestForPostCodeAndPlace" time="0.973" classname="Tests.APITest"/>
  <testcase name="negetiveTestForStatusCodeAndJson" time="0.189" classname="Tests.APITest"/>
  <testcase name="testForCountryAndState" time="0.184" classname="Tests.APITest"/>
  <testcase name="testForPostCodeAndPlace" time="0.201" classname="Tests.APITest"/>
  <testcase name="testForResponseTime" time="0.18" classname="Tests.APITest"/>
  <testcase name="testForStatusCodeAndJson" time="0.272" classname="Tests.APITest"/>
  <testcase name="testDataDrivenApi" time="0.667" classname="Tests.APITest"/>
  <testcase name="testDataDrivenApi" time="0.942" classname="Tests.APITest"/>
  <testcase name="testDataDrivenApi" time="0.626" classname="Tests.APITest"/>
</testsuite> <!-- API test -->
