<!DOCTYPE html PUBLIC "-//W3C//DTD XHTML 1.1//EN" "http://www.w3.org/TR/xhtml11/DTD/xhtml11.dtd">
<html xmlns="http://www.w3.org/1999/xhtml">
<head>
<meta http-equiv="content-type" content="text/html; charset=UTF-8"/>
<title>TestNG Report</title>
<style type="text/css">table {margin-bottom:10px;border-collapse:collapse;empty-cells:show}th,td {border:1px solid #009;padding:.25em .5em}th {vertical-align:bottom}td {vertical-align:top}table a {font-weight:bold}.stripe td {background-color: #E6EBF9}.num {text-align:right}.passedodd td {background-color: #3F3}.passedeven td {background-color: #0A0}.skippedodd td {background-color: #DDD}.skippedeven td {background-color: #CCC}.failedodd td,.attn {background-color: #F33}.failedeven td,.stripe .attn {background-color: #D00}.stacktrace {white-space:pre;font-family:monospace}.totop {font-size:85%;text-align:center;border-bottom:2px solid #000}.invisible {display:none}</style>
</head>
<body>
<table>
<tr><th>Test</th><th># Passed</th><th># Skipped</th><th># Failed</th><th>Time (ms)</th><th>Included Groups</th><th>Excluded Groups</th></tr>
<tr><th colspan="7">UI and API tests</th></tr>
<tr><td><a href="#t0">UI test</a></td><td class="num">2</td><td class="num">0</td><td class="num attn">1</td><td class="num">46,153</td><td></td><td></td></tr>
<tr class="stripe"><td><a href="#t1">API test</a></td><td class="num">9</td><td class="num">0</td><td class="num">0</td><td class="num">4,252</td><td></td><td></td></tr>
<tr><th>Total</th><th class="num">11</th><th class="num">0</th><th class="num attn">1</th><th class="num">50,405</th><th colspan="2"></th></tr>
</table>
<table id='summary'><thead><tr><th>Class</th><th>Method</th><th>Start</th><th>Time (ms)</th></tr></thead><tbody><tr><th colspan="4">UI and API tests</th></tr></tbody><tbody id="t0"><tr><th colspan="4">UI test &#8212; failed</th></tr><tr class="failedeven"><td rowspan="1">Tests.UITest</td><td><a href="#m0">testContactUs</a></td><td rowspan="1">1614616289703</td><td rowspan="1">34170</td></tr><tr><th colspan="4">UI test &#8212; passed</th></tr><tr class="passedeven"><td rowspan="2">Tests.UITest</td><td><a href="#m1">testAutomationIsSelectedInMenu</a></td><td rowspan="1">1614616284567</td><td rowspan="1">5133</td></tr><tr class="passedeven"><td><a href="#m2">testValidSogetiLinks</a></td><td rowspan="1">1614616323886</td><td rowspan="1">6648</td></tr></tbody>
<tbody id="t1"><tr><th colspan="4">API test &#8212; passed</th></tr><tr class="passedeven"><td rowspan="9">Tests.APITest</td><td><a href="#m3">negetiveTestForPostCodeAndPlace</a></td><td rowspan="1">1614616330776</td><td rowspan="1">973</td></tr><tr class="passedeven"><td><a href="#m4">negetiveTestForStatusCodeAndJson</a></td><td rowspan="1">1614616331750</td><td rowspan="1">189</td></tr><tr class="passedeven"><td><a href="#m5">testDataDrivenApi</a></td><td rowspan="3">1614616334398</td><td rowspan="3">626</td></tr><tr class="passedeven"><td><a href="#m6">testDataDrivenApi</a></td></tr><tr class="passedeven"><td><a href="#m7">testDataDrivenApi</a></td></tr><tr class="passedeven"><td><a href="#m8">testForCountryAndState</a></td><td rowspan="1">1614616331941</td><td rowspan="1">184</td></tr><tr class="passedeven"><td><a href="#m9">testForPostCodeAndPlace</a></td><td rowspan="1">1614616332127</td><td rowspan="1">201</td></tr><tr class="passedeven"><td><a href="#m10">testForResponseTime</a></td><td rowspan="1">1614616332328</td><td rowspan="1">180</td></tr><tr class="passedeven"><td><a href="#m11">testForStatusCodeAndJson</a></td><td rowspan="1">1614616332508</td><td rowspan="1">272</td></tr></tbody>
</table>
<h2>UI test</h2><h3 id="m0">Tests.UITest#testContactUs</h3><table class="result"><tr><th>Messages</th></tr><tr><td><div class="messages">Step 1: Launch the browser and open link.<br/>Step 2: Navigate to Automation section and scrole to contact us form.<br/>Step 3: Fill contact us form with random values</div></td></tr><tr><th>Exception</th></tr><tr><td><div class="stacktrace">org.openqa.selenium.TimeoutException: Expected condition failed: waiting for visibility of Proxy element for: DefaultElementLocator &apos;By.id: 06838eea-8980-4305-83d0-42236fb4d528&apos; (tried for 30 second(s) with 500 milliseconds interval)
	at org.openqa.selenium.support.ui.WebDriverWait.timeoutException(WebDriverWait.java:95)
	at org.openqa.selenium.support.ui.FluentWait.until(FluentWait.java:272)
	at Pages.PageHelper.waitUntilElementIsVisible(PageHelper.java:25)
	at Pages.AutomationWebPage.fillContactForm(AutomationWebPage.java:85)
	at Tests.UITest.testContactUs(UITest.java:35)
	at com.intellij.rt.testng.IDEARemoteTestNG.run(IDEARemoteTestNG.java:66)
	at com.intellij.rt.testng.RemoteTestNGStarter.main(RemoteTestNGStarter.java:109)
Caused by: org.openqa.selenium.NoSuchElementException: no such element: Unable to locate element: {&quot;method&quot;:&quot;css selector&quot;,&quot;selector&quot;:&quot;#\30 6838eea\-8980\-4305\-83d0\-42236fb4d528&quot;}
  (Session info: chrome=88.0.4324.192)
For documentation on this error, please visit: https://www.seleniumhq.org/exceptions/no_such_element.html
Build info: version: &apos;3.141.59&apos;, revision: &apos;e82be7d358&apos;, time: &apos;2018-11-14T08:17:03&apos;
System info: host: &apos;Lokeshs-Air-250&apos;, ip: &apos;2a02:8070:db3:5700:0:0:0:abff&apos;, os.name: &apos;Mac OS X&apos;, os.arch: &apos;x86_64&apos;, os.version: &apos;10.16&apos;, java.version: &apos;1.8.0_77&apos;
Driver info: org.openqa.selenium.chrome.ChromeDriver
Capabilities {acceptInsecureCerts: false, browserName: chrome, browserVersion: 88.0.4324.192, chrome: {chromedriverVersion: 88.0.4324.96 (68dba2d8a0b14..., userDataDir: /var/folders/8g/khcy6ptx1pg...}, goog:chromeOptions: {debuggerAddress: localhost:50150}, javascriptEnabled: true, networkConnectionEnabled: false, pageLoadStrategy: normal, platform: MAC, platformName: MAC, proxy: Proxy(), setWindowRect: true, strictFileInteractability: false, timeouts: {implicit: 0, pageLoad: 300000, script: 30000}, unhandledPromptBehavior: dismiss and notify, webauthn:extension:largeBlob: true, webauthn:virtualAuthenticators: true}
Session ID: ba73e7a0567cc77610a07149a64866d1
*** Element info: {Using=id, value=06838eea-8980-4305-83d0-42236fb4d528}
	at org.openqa.selenium.remote.http.W3CHttpResponseCodec.createException(W3CHttpResponseCodec.java:187)
	at org.openqa.selenium.remote.http.W3CHttpResponseCodec.decode(W3CHttpResponseCodec.java:122)
	at org.openqa.selenium.remote.http.W3CHttpResponseCodec.decode(W3CHttpResponseCodec.java:49)
	at org.openqa.selenium.remote.HttpCommandExecutor.execute(HttpCommandExecutor.java:158)
	at org.openqa.selenium.remote.service.DriverCommandExecutor.execute(DriverCommandExecutor.java:83)
	at org.openqa.selenium.remote.RemoteWebDriver.execute(RemoteWebDriver.java:552)
	at org.openqa.selenium.remote.RemoteWebDriver.findElement(RemoteWebDriver.java:323)
	at org.openqa.selenium.remote.RemoteWebDriver.findElementById(RemoteWebDriver.java:372)
	at org.openqa.selenium.By$ById.findElement(By.java:188)
	at org.openqa.selenium.remote.RemoteWebDriver.findElement(RemoteWebDriver.java:315)
	at org.openqa.selenium.support.pagefactory.DefaultElementLocator.findElement(DefaultElementLocator.java:69)
	at org.openqa.selenium.support.pagefactory.internal.LocatingElementHandler.invoke(LocatingElementHandler.java:38)
	at com.sun.proxy.$Proxy7.isDisplayed(Unknown Source)
	at org.openqa.selenium.support.ui.ExpectedConditions.elementIfVisible(ExpectedConditions.java:314)
	at org.openqa.selenium.support.ui.ExpectedConditions.access$000(ExpectedConditions.java:43)
	at org.openqa.selenium.support.ui.ExpectedConditions$10.apply(ExpectedConditions.java:300)
	at org.openqa.selenium.support.ui.ExpectedConditions$10.apply(ExpectedConditions.java:297)
	at org.openqa.selenium.support.ui.FluentWait.until(FluentWait.java:249)
	... 27 more
... Removed 25 stack frames</div></td></tr></table><p class="totop"><a href="#summary">back to summary</a></p>
<h3 id="m1">Tests.UITest#testAutomationIsSelectedInMenu</h3><table class="result"><tr><th>Messages</th></tr><tr><td><div class="messages">Step 1: Launch the browser and open link and accept cookies.<br/>Step 2: Click on automation from service tab  and verify automation page is displayed<br/>Step 3: verify Automation is selected in service menu.</div></td></tr></table><p class="totop"><a href="#summary">back to summary</a></p>
<h3 id="m2">Tests.UITest#testValidSogetiLinks</h3><table class="result"><tr><th>Messages</th></tr><tr><td><div class="messages">Step 1: Launch the browser and open link.<br/>Step 2: Click on worldwide drop down in home screen and save all link<br/>Step 3: verify all links are valid.</div></td></tr></table><p class="totop"><a href="#summary">back to summary</a></p>
<h2>API test</h2><h3 id="m3">Tests.APITest#negetiveTestForPostCodeAndPlace</h3><table class="result"><tr><th>Messages</th></tr><tr><td><div class="messages">Negative test for test 'testForPostCodeAndPlace'</div></td></tr><tr><th>Expected Exception</th></tr><tr><td><div class="stacktrace">java.lang.AssertionError: Not matched
	at org.junit.Assert.fail(Assert.java:88)
	at org.junit.Assert.assertTrue(Assert.java:41)
	at apiBase.APIBase.assertPostCodeAndPlaceName(APIBase.java:94)
	at Tests.APITest.negetiveTestForPostCodeAndPlace(APITest.java:44)
	at com.intellij.rt.testng.IDEARemoteTestNG.run(IDEARemoteTestNG.java:66)
	at com.intellij.rt.testng.RemoteTestNGStarter.main(RemoteTestNGStarter.java:109)
... Removed 22 stack frames</div></td></tr></table><p class="totop"><a href="#summary">back to summary</a></p>
<h3 id="m4">Tests.APITest#negetiveTestForStatusCodeAndJson</h3><table class="result"><tr><th>Messages</th></tr><tr><td><div class="messages">Negative test for the method 'testForStatusCodeAndJson'</div></td></tr><tr><th>Expected Exception</th></tr><tr><td><div class="stacktrace">java.lang.IllegalThreadStateException: Status code not ok 200 (ok): InboundJaxrsResponse{ClientResponse{method=GET, uri=http://api.zippopotam.us/en/bw/stuttgart, status=404, reason=Not Found}}
{}
	at apiBase.APIBase.assertResponseJsonAndStatusCode(APIBase.java:66)
	at Tests.APITest.negetiveTestForStatusCodeAndJson(APITest.java:20)
	at com.intellij.rt.testng.IDEARemoteTestNG.run(IDEARemoteTestNG.java:66)
	at com.intellij.rt.testng.RemoteTestNGStarter.main(RemoteTestNGStarter.java:109)
... Removed 22 stack frames</div></td></tr></table><p class="totop"><a href="#summary">back to summary</a></p>
<h3 id="m5">Tests.APITest#testDataDrivenApi</h3><table class="result"><tr class="param"><th>Parameter #1</th><th>Parameter #2</th><th>Parameter #3</th></tr><tr class="param stripe"><td>ca</td><td>B2R</td><td>Waverley</td></tr><tr><th colspan="3">Messages</th></tr><tr><td colspan="3"><div class="messages">Date driven Test<br/>Step 1: Verify that the response status code is 200 and content type is JSON.<br/>Step 2: Verify that the response time is below 1s.<br/>Step 3: Verify in Response - 'Place Name' for each input 'Country' and 'Postal Code'.</div></td></tr></table><p class="totop"><a href="#summary">back to summary</a></p>
<h3 id="m6">Tests.APITest#testDataDrivenApi</h3><table class="result"><tr class="param"><th>Parameter #1</th><th>Parameter #2</th><th>Parameter #3</th></tr><tr class="param stripe"><td>us</td><td>12345</td><td>Schenectady</td></tr><tr><th colspan="3">Messages</th></tr><tr><td colspan="3"><div class="messages">Date driven Test<br/>Step 1: Verify that the response status code is 200 and content type is JSON.<br/>Step 2: Verify that the response time is below 1s.<br/>Step 3: Verify in Response - 'Place Name' for each input 'Country' and 'Postal Code'.</div></td></tr></table><p class="totop"><a href="#summary">back to summary</a></p>
<h3 id="m7">Tests.APITest#testDataDrivenApi</h3><table class="result"><tr class="param"><th>Parameter #1</th><th>Parameter #2</th><th>Parameter #3</th></tr><tr class="param stripe"><td>us</td><td>90210</td><td>Beverly Hills</td></tr><tr><th colspan="3">Messages</th></tr><tr><td colspan="3"><div class="messages">Date driven Test<br/>Step 1: Verify that the response status code is 200 and content type is JSON.<br/>Step 2: Verify that the response time is below 1s.<br/>Step 3: Verify in Response - 'Place Name' for each input 'Country' and 'Postal Code'.</div></td></tr></table><p class="totop"><a href="#summary">back to summary</a></p>
<h3 id="m8">Tests.APITest#testForCountryAndState</h3><table class="result"><tr><th>Messages</th></tr><tr><td><div class="messages">Verify in Response - That country is 'Germany' and state is 'Baden-WÃ¼rttemberg'.</div></td></tr></table><p class="totop"><a href="#summary">back to summary</a></p>
<h3 id="m9">Tests.APITest#testForPostCodeAndPlace</h3><table class="result"><tr><th>Messages</th></tr><tr><td><div class="messages">Verify in Response - For Post Code '70597' the place name has 'Stuttgart Degerloch'.</div></td></tr></table><p class="totop"><a href="#summary">back to summary</a></p>
<h3 id="m10">Tests.APITest#testForResponseTime</h3><table class="result"><tr><th>Messages</th></tr><tr><td><div class="messages">Verify that the response time is below 1s.</div></td></tr></table><p class="totop"><a href="#summary">back to summary</a></p>
<h3 id="m11">Tests.APITest#testForStatusCodeAndJson</h3><table class="result"><tr><th>Messages</th></tr><tr><td><div class="messages">Verify that the response status code is 200 and content type is JSON.</div></td></tr></table><p class="totop"><a href="#summary">back to summary</a></p>
</body>
</html>
