<?xml version="1.0" encoding="UTF-8"?>
<testng-results skipped="0" failed="1" ignored="0" total="12" passed="11">
  <reporter-output>
    <line>
      <![CDATA[Step 1: Launch the browser and open link and accept cookies.]]>
    </line>
    <line>
      <![CDATA[Step 2: Click on automation from service tab  and verify automation page is displayed]]>
    </line>
    <line>
      <![CDATA[Step 3: verify Automation is selected in service menu.]]>
    </line>
    <line>
      <![CDATA[Step 1: Launch the browser and open link.]]>
    </line>
    <line>
      <![CDATA[Step 2: Navigate to Automation section and scrole to contact us form.]]>
    </line>
    <line>
      <![CDATA[Step 3: Fill contact us form with random values]]>
    </line>
    <line>
      <![CDATA[Step 1: Launch the browser and open link.]]>
    </line>
    <line>
      <![CDATA[Step 2: Click on worldwide drop down in home screen and save all link]]>
    </line>
    <line>
      <![CDATA[Step 3: verify all links are valid.]]>
    </line>
    <line>
      <![CDATA[Close the browser]]>
    </line>
    <line>
      <![CDATA[Negative test for test 'testForPostCodeAndPlace']]>
    </line>
    <line>
      <![CDATA[Negative test for the method 'testForStatusCodeAndJson']]>
    </line>
    <line>
      <![CDATA[Verify in Response - That country is 'Germany' and state is 'Baden-Württemberg'.]]>
    </line>
    <line>
      <![CDATA[Verify in Response - For Post Code '70597' the place name has 'Stuttgart Degerloch'.]]>
    </line>
    <line>
      <![CDATA[Verify that the response time is below 1s.]]>
    </line>
    <line>
      <![CDATA[Verify that the response status code is 200 and content type is JSON.]]>
    </line>
    <line>
      <![CDATA[Date driven Test]]>
    </line>
    <line>
      <![CDATA[Step 1: Verify that the response status code is 200 and content type is JSON.]]>
    </line>
    <line>
      <![CDATA[Step 2: Verify that the response time is below 1s.]]>
    </line>
    <line>
      <![CDATA[Step 3: Verify in Response - 'Place Name' for each input 'Country' and 'Postal Code'.]]>
    </line>
    <line>
      <![CDATA[Date driven Test]]>
    </line>
    <line>
      <![CDATA[Step 1: Verify that the response status code is 200 and content type is JSON.]]>
    </line>
    <line>
      <![CDATA[Step 2: Verify that the response time is below 1s.]]>
    </line>
    <line>
      <![CDATA[Step 3: Verify in Response - 'Place Name' for each input 'Country' and 'Postal Code'.]]>
    </line>
    <line>
      <![CDATA[Date driven Test]]>
    </line>
    <line>
      <![CDATA[Step 1: Verify that the response status code is 200 and content type is JSON.]]>
    </line>
    <line>
      <![CDATA[Step 2: Verify that the response time is below 1s.]]>
    </line>
    <line>
      <![CDATA[Step 3: Verify in Response - 'Place Name' for each input 'Country' and 'Postal Code'.]]>
    </line>
  </reporter-output>
  <suite name="UI and API tests" duration-ms="26762" started-at="2021-03-02T11:24:08Z" finished-at="2021-03-02T11:24:35Z">
    <groups>
    </groups>
    <test name="UITest" duration-ms="22040" started-at="2021-03-02T11:24:08Z" finished-at="2021-03-02T11:24:31Z">
      <class name="Tests.UITest">
        <test-method status="PASS" signature="testAutomationIsSelectedInMenu()[pri:1, instance:Tests.UITest@4de4b452]" name="testAutomationIsSelectedInMenu" duration-ms="8567" started-at="2021-03-02T11:24:09Z" finished-at="2021-03-02T11:24:17Z">
          <reporter-output>
            <line>
              <![CDATA[Step 1: Launch the browser and open link and accept cookies.]]>
            </line>
            <line>
              <![CDATA[Step 2: Click on automation from service tab  and verify automation page is displayed]]>
            </line>
            <line>
              <![CDATA[Step 3: verify Automation is selected in service menu.]]>
            </line>
          </reporter-output>
        </test-method> <!-- testAutomationIsSelectedInMenu -->
        <test-method status="FAIL" signature="testContactUs()[pri:2, instance:Tests.UITest@4de4b452]" name="testContactUs" duration-ms="6249" started-at="2021-03-02T11:24:17Z" finished-at="2021-03-02T11:24:23Z">
          <exception class="org.openqa.selenium.ElementClickInterceptedException">
            <message>
              <![CDATA[element click intercepted: Element <button id="06838eea-8980-4305-83d0-42236fb4d528" name="submit" type="submit" value="06838eea-8980-4305-83d0-42236fb4d528" data-f-is-finalized="false" data-f-is-progressive-submit="true" data-f-type="submitbutton" data-f-element-name="__field_123932" class="Form__Element FormExcludeDataRebind FormSubmitButton FormImageSubmitButton">...</button> is not clickable at point (722, 731). Other element would receive the click: <div style="width: 100%; height: 100%; position: fixed; top: 0px; left: 0px; z-index: 2000000000; background-color: rgb(255, 255, 255); opacity: 0.05;"></div>
  (Session info: chrome=88.0.4324.192)
Build info: version: '3.141.59', revision: 'e82be7d358', time: '2018-11-14T08:17:03'
System info: host: 'Lokeshs-Air', ip: '2a02:8070:db3:5700:0:0:0:abff', os.name: 'Mac OS X', os.arch: 'x86_64', os.version: '10.16', java.version: '1.8.0_77'
Driver info: org.openqa.selenium.chrome.ChromeDriver
Capabilities {acceptInsecureCerts: false, browserName: chrome, browserVersion: 88.0.4324.192, chrome: {chromedriverVersion: 88.0.4324.96 (68dba2d8a0b14..., userDataDir: /var/folders/8g/khcy6ptx1pg...}, goog:chromeOptions: {debuggerAddress: localhost:57400}, javascriptEnabled: true, networkConnectionEnabled: false, pageLoadStrategy: normal, platform: MAC, platformName: MAC, proxy: Proxy(), setWindowRect: true, strictFileInteractability: false, timeouts: {implicit: 0, pageLoad: 300000, script: 30000}, unhandledPromptBehavior: dismiss and notify, webauthn:extension:largeBlob: true, webauthn:virtualAuthenticators: true}
Session ID: 28099c3d7ef593c04c89b57eb4ef51a3]]>
            </message>
            <full-stacktrace>
              <![CDATA[org.openqa.selenium.ElementClickInterceptedException: element click intercepted: Element <button id="06838eea-8980-4305-83d0-42236fb4d528" name="submit" type="submit" value="06838eea-8980-4305-83d0-42236fb4d528" data-f-is-finalized="false" data-f-is-progressive-submit="true" data-f-type="submitbutton" data-f-element-name="__field_123932" class="Form__Element FormExcludeDataRebind FormSubmitButton FormImageSubmitButton">...</button> is not clickable at point (722, 731). Other element would receive the click: <div style="width: 100%; height: 100%; position: fixed; top: 0px; left: 0px; z-index: 2000000000; background-color: rgb(255, 255, 255); opacity: 0.05;"></div>
  (Session info: chrome=88.0.4324.192)
Build info: version: '3.141.59', revision: 'e82be7d358', time: '2018-11-14T08:17:03'
System info: host: 'Lokeshs-Air', ip: '2a02:8070:db3:5700:0:0:0:abff', os.name: 'Mac OS X', os.arch: 'x86_64', os.version: '10.16', java.version: '1.8.0_77'
Driver info: org.openqa.selenium.chrome.ChromeDriver
Capabilities {acceptInsecureCerts: false, browserName: chrome, browserVersion: 88.0.4324.192, chrome: {chromedriverVersion: 88.0.4324.96 (68dba2d8a0b14..., userDataDir: /var/folders/8g/khcy6ptx1pg...}, goog:chromeOptions: {debuggerAddress: localhost:57400}, javascriptEnabled: true, networkConnectionEnabled: false, pageLoadStrategy: normal, platform: MAC, platformName: MAC, proxy: Proxy(), setWindowRect: true, strictFileInteractability: false, timeouts: {implicit: 0, pageLoad: 300000, script: 30000}, unhandledPromptBehavior: dismiss and notify, webauthn:extension:largeBlob: true, webauthn:virtualAuthenticators: true}
Session ID: 28099c3d7ef593c04c89b57eb4ef51a3
at sun.reflect.NativeConstructorAccessorImpl.newInstance0(Native Method)
at sun.reflect.NativeConstructorAccessorImpl.newInstance(NativeConstructorAccessorImpl.java:62)
at sun.reflect.DelegatingConstructorAccessorImpl.newInstance(DelegatingConstructorAccessorImpl.java:45)
at java.lang.reflect.Constructor.newInstance(Constructor.java:423)
at org.openqa.selenium.remote.http.W3CHttpResponseCodec.createException(W3CHttpResponseCodec.java:187)
at org.openqa.selenium.remote.http.W3CHttpResponseCodec.decode(W3CHttpResponseCodec.java:122)
at org.openqa.selenium.remote.http.W3CHttpResponseCodec.decode(W3CHttpResponseCodec.java:49)
at org.openqa.selenium.remote.HttpCommandExecutor.execute(HttpCommandExecutor.java:158)
at org.openqa.selenium.remote.service.DriverCommandExecutor.execute(DriverCommandExecutor.java:83)
at org.openqa.selenium.remote.RemoteWebDriver.execute(RemoteWebDriver.java:552)
at org.openqa.selenium.remote.RemoteWebElement.execute(RemoteWebElement.java:285)
at org.openqa.selenium.remote.RemoteWebElement.click(RemoteWebElement.java:84)
at sun.reflect.NativeMethodAccessorImpl.invoke0(Native Method)
at sun.reflect.NativeMethodAccessorImpl.invoke(NativeMethodAccessorImpl.java:62)
at sun.reflect.DelegatingMethodAccessorImpl.invoke(DelegatingMethodAccessorImpl.java:43)
at java.lang.reflect.Method.invoke(Method.java:498)
at org.openqa.selenium.support.pagefactory.internal.LocatingElementHandler.invoke(LocatingElementHandler.java:51)
at com.sun.proxy.$Proxy7.click(Unknown Source)
at Pages.AutomationWebPage.fillContactForm(AutomationWebPage.java:84)
at Tests.UITest.testContactUs(UITest.java:35)
at sun.reflect.NativeMethodAccessorImpl.invoke0(Native Method)
at sun.reflect.NativeMethodAccessorImpl.invoke(NativeMethodAccessorImpl.java:62)
at sun.reflect.DelegatingMethodAccessorImpl.invoke(DelegatingMethodAccessorImpl.java:43)
at java.lang.reflect.Method.invoke(Method.java:498)
at org.testng.internal.MethodInvocationHelper.invokeMethod(MethodInvocationHelper.java:124)
at org.testng.internal.Invoker.invokeMethod(Invoker.java:583)
at org.testng.internal.Invoker.invokeTestMethod(Invoker.java:719)
at org.testng.internal.Invoker.invokeTestMethods(Invoker.java:989)
at org.testng.internal.TestMethodWorker.invokeTestMethods(TestMethodWorker.java:125)
at org.testng.internal.TestMethodWorker.run(TestMethodWorker.java:109)
at org.testng.TestRunner.privateRun(TestRunner.java:648)
at org.testng.TestRunner.run(TestRunner.java:505)
at org.testng.SuiteRunner.runTest(SuiteRunner.java:455)
at org.testng.SuiteRunner.runSequentially(SuiteRunner.java:450)
at org.testng.SuiteRunner.privateRun(SuiteRunner.java:415)
at org.testng.SuiteRunner.run(SuiteRunner.java:364)
at org.testng.SuiteRunnerWorker.runSuite(SuiteRunnerWorker.java:52)
at org.testng.SuiteRunnerWorker.run(SuiteRunnerWorker.java:84)
at org.testng.TestNG.runSuitesSequentially(TestNG.java:1208)
at org.testng.TestNG.runSuitesLocally(TestNG.java:1137)
at org.testng.TestNG.runSuites(TestNG.java:1049)
at org.testng.TestNG.run(TestNG.java:1017)
at com.intellij.rt.testng.IDEARemoteTestNG.run(IDEARemoteTestNG.java:66)
at com.intellij.rt.testng.RemoteTestNGStarter.main(RemoteTestNGStarter.java:109)
]]>
            </full-stacktrace>
          </exception> <!-- org.openqa.selenium.ElementClickInterceptedException -->
          <reporter-output>
            <line>
              <![CDATA[Step 1: Launch the browser and open link.]]>
            </line>
            <line>
              <![CDATA[Step 2: Navigate to Automation section and scrole to contact us form.]]>
            </line>
            <line>
              <![CDATA[Step 3: Fill contact us form with random values]]>
            </line>
          </reporter-output>
        </test-method> <!-- testContactUs -->
        <test-method status="PASS" signature="testValidSogetiLinks()[pri:3, instance:Tests.UITest@4de4b452]" name="testValidSogetiLinks" duration-ms="6932" started-at="2021-03-02T11:24:23Z" finished-at="2021-03-02T11:24:30Z">
          <reporter-output>
            <line>
              <![CDATA[Step 1: Launch the browser and open link.]]>
            </line>
            <line>
              <![CDATA[Step 2: Click on worldwide drop down in home screen and save all link]]>
            </line>
            <line>
              <![CDATA[Step 3: verify all links are valid.]]>
            </line>
          </reporter-output>
        </test-method> <!-- testValidSogetiLinks -->
        <test-method status="PASS" signature="closeBrowser()[pri:0, instance:Tests.UITest@4de4b452]" name="closeBrowser" is-config="true" duration-ms="223" started-at="2021-03-02T11:24:30Z" finished-at="2021-03-02T11:24:31Z">
          <reporter-output>
            <line>
              <![CDATA[Close the browser]]>
            </line>
          </reporter-output>
        </test-method> <!-- closeBrowser -->
      </class> <!-- Tests.UITest -->
    </test> <!-- UITest -->
    <test name="APITest" duration-ms="4661" started-at="2021-03-02T11:24:31Z" finished-at="2021-03-02T11:24:35Z">
      <class name="Tests.APITest">
        <test-method status="PASS" signature="negetiveTestForPostCodeAndPlace()[pri:0, instance:Tests.APITest@712625fd]" name="negetiveTestForPostCodeAndPlace" duration-ms="1033" started-at="2021-03-02T11:24:31Z" finished-at="2021-03-02T11:24:32Z">
          <exception class="java.lang.AssertionError">
            <message>
              <![CDATA[Not matched]]>
            </message>
            <full-stacktrace>
              <![CDATA[java.lang.AssertionError: Not matched
at org.junit.Assert.fail(Assert.java:88)
at org.junit.Assert.assertTrue(Assert.java:41)
at apiBase.APIBase.assertPostCodeAndPlaceName(APIBase.java:94)
at Tests.APITest.negetiveTestForPostCodeAndPlace(APITest.java:44)
at sun.reflect.NativeMethodAccessorImpl.invoke0(Native Method)
at sun.reflect.NativeMethodAccessorImpl.invoke(NativeMethodAccessorImpl.java:62)
at sun.reflect.DelegatingMethodAccessorImpl.invoke(DelegatingMethodAccessorImpl.java:43)
at java.lang.reflect.Method.invoke(Method.java:498)
at org.testng.internal.MethodInvocationHelper.invokeMethod(MethodInvocationHelper.java:124)
at org.testng.internal.Invoker.invokeMethod(Invoker.java:583)
at org.testng.internal.Invoker.invokeTestMethod(Invoker.java:719)
at org.testng.internal.Invoker.invokeTestMethods(Invoker.java:989)
at org.testng.internal.TestMethodWorker.invokeTestMethods(TestMethodWorker.java:125)
at org.testng.internal.TestMethodWorker.run(TestMethodWorker.java:109)
at org.testng.TestRunner.privateRun(TestRunner.java:648)
at org.testng.TestRunner.run(TestRunner.java:505)
at org.testng.SuiteRunner.runTest(SuiteRunner.java:455)
at org.testng.SuiteRunner.runSequentially(SuiteRunner.java:450)
at org.testng.SuiteRunner.privateRun(SuiteRunner.java:415)
at org.testng.SuiteRunner.run(SuiteRunner.java:364)
at org.testng.SuiteRunnerWorker.runSuite(SuiteRunnerWorker.java:52)
at org.testng.SuiteRunnerWorker.run(SuiteRunnerWorker.java:84)
at org.testng.TestNG.runSuitesSequentially(TestNG.java:1208)
at org.testng.TestNG.runSuitesLocally(TestNG.java:1137)
at org.testng.TestNG.runSuites(TestNG.java:1049)
at org.testng.TestNG.run(TestNG.java:1017)
at com.intellij.rt.testng.IDEARemoteTestNG.run(IDEARemoteTestNG.java:66)
at com.intellij.rt.testng.RemoteTestNGStarter.main(RemoteTestNGStarter.java:109)
]]>
            </full-stacktrace>
          </exception> <!-- java.lang.AssertionError -->
          <reporter-output>
            <line>
              <![CDATA[Negative test for test 'testForPostCodeAndPlace']]>
            </line>
          </reporter-output>
        </test-method> <!-- negetiveTestForPostCodeAndPlace -->
        <test-method status="PASS" signature="negetiveTestForStatusCodeAndJson()[pri:0, instance:Tests.APITest@712625fd]" name="negetiveTestForStatusCodeAndJson" duration-ms="201" started-at="2021-03-02T11:24:32Z" finished-at="2021-03-02T11:24:32Z">
          <exception class="java.lang.IllegalThreadStateException">
            <message>
              <![CDATA[Status code not ok 200 (ok): InboundJaxrsResponse{ClientResponse{method=GET, uri=http://api.zippopotam.us/en/bw/stuttgart, status=404, reason=Not Found}}
{}]]>
            </message>
            <full-stacktrace>
              <![CDATA[java.lang.IllegalThreadStateException: Status code not ok 200 (ok): InboundJaxrsResponse{ClientResponse{method=GET, uri=http://api.zippopotam.us/en/bw/stuttgart, status=404, reason=Not Found}}
{}
at apiBase.APIBase.assertResponseJsonAndStatusCode(APIBase.java:66)
at Tests.APITest.negetiveTestForStatusCodeAndJson(APITest.java:20)
at sun.reflect.NativeMethodAccessorImpl.invoke0(Native Method)
at sun.reflect.NativeMethodAccessorImpl.invoke(NativeMethodAccessorImpl.java:62)
at sun.reflect.DelegatingMethodAccessorImpl.invoke(DelegatingMethodAccessorImpl.java:43)
at java.lang.reflect.Method.invoke(Method.java:498)
at org.testng.internal.MethodInvocationHelper.invokeMethod(MethodInvocationHelper.java:124)
at org.testng.internal.Invoker.invokeMethod(Invoker.java:583)
at org.testng.internal.Invoker.invokeTestMethod(Invoker.java:719)
at org.testng.internal.Invoker.invokeTestMethods(Invoker.java:989)
at org.testng.internal.TestMethodWorker.invokeTestMethods(TestMethodWorker.java:125)
at org.testng.internal.TestMethodWorker.run(TestMethodWorker.java:109)
at org.testng.TestRunner.privateRun(TestRunner.java:648)
at org.testng.TestRunner.run(TestRunner.java:505)
at org.testng.SuiteRunner.runTest(SuiteRunner.java:455)
at org.testng.SuiteRunner.runSequentially(SuiteRunner.java:450)
at org.testng.SuiteRunner.privateRun(SuiteRunner.java:415)
at org.testng.SuiteRunner.run(SuiteRunner.java:364)
at org.testng.SuiteRunnerWorker.runSuite(SuiteRunnerWorker.java:52)
at org.testng.SuiteRunnerWorker.run(SuiteRunnerWorker.java:84)
at org.testng.TestNG.runSuitesSequentially(TestNG.java:1208)
at org.testng.TestNG.runSuitesLocally(TestNG.java:1137)
at org.testng.TestNG.runSuites(TestNG.java:1049)
at org.testng.TestNG.run(TestNG.java:1017)
at com.intellij.rt.testng.IDEARemoteTestNG.run(IDEARemoteTestNG.java:66)
at com.intellij.rt.testng.RemoteTestNGStarter.main(RemoteTestNGStarter.java:109)
]]>
            </full-stacktrace>
          </exception> <!-- java.lang.IllegalThreadStateException -->
          <reporter-output>
            <line>
              <![CDATA[Negative test for the method 'testForStatusCodeAndJson']]>
            </line>
          </reporter-output>
        </test-method> <!-- negetiveTestForStatusCodeAndJson -->
        <test-method status="PASS" signature="testForCountryAndState()[pri:0, instance:Tests.APITest@712625fd]" name="testForCountryAndState" duration-ms="225" started-at="2021-03-02T11:24:32Z" finished-at="2021-03-02T11:24:32Z">
          <reporter-output>
            <line>
              <![CDATA[Verify in Response - That country is 'Germany' and state is 'Baden-Württemberg'.]]>
            </line>
          </reporter-output>
        </test-method> <!-- testForCountryAndState -->
        <test-method status="PASS" signature="testForPostCodeAndPlace()[pri:0, instance:Tests.APITest@712625fd]" name="testForPostCodeAndPlace" duration-ms="210" started-at="2021-03-02T11:24:32Z" finished-at="2021-03-02T11:24:32Z">
          <reporter-output>
            <line>
              <![CDATA[Verify in Response - For Post Code '70597' the place name has 'Stuttgart Degerloch'.]]>
            </line>
          </reporter-output>
        </test-method> <!-- testForPostCodeAndPlace -->
        <test-method status="PASS" signature="testForResponseTime()[pri:0, instance:Tests.APITest@712625fd]" name="testForResponseTime" duration-ms="214" started-at="2021-03-02T11:24:32Z" finished-at="2021-03-02T11:24:32Z">
          <reporter-output>
            <line>
              <![CDATA[Verify that the response time is below 1s.]]>
            </line>
          </reporter-output>
        </test-method> <!-- testForResponseTime -->
        <test-method status="PASS" signature="testForStatusCodeAndJson()[pri:0, instance:Tests.APITest@712625fd]" name="testForStatusCodeAndJson" duration-ms="267" started-at="2021-03-02T11:24:32Z" finished-at="2021-03-02T11:24:33Z">
          <reporter-output>
            <line>
              <![CDATA[Verify that the response status code is 200 and content type is JSON.]]>
            </line>
          </reporter-output>
        </test-method> <!-- testForStatusCodeAndJson -->
        <test-method status="PASS" signature="testDataDrivenApi(java.lang.String, java.lang.String, java.lang.String)[pri:1, instance:Tests.APITest@712625fd]" name="testDataDrivenApi" duration-ms="898" started-at="2021-03-02T11:24:33Z" data-provider="data-provider" finished-at="2021-03-02T11:24:34Z">
          <params>
            <param index="0">
              <value>
                <![CDATA[us]]>
              </value>
            </param>
            <param index="1">
              <value>
                <![CDATA[90210]]>
              </value>
            </param>
            <param index="2">
              <value>
                <![CDATA[Beverly Hills]]>
              </value>
            </param>
          </params>
          <reporter-output>
            <line>
              <![CDATA[Date driven Test]]>
            </line>
            <line>
              <![CDATA[Step 1: Verify that the response status code is 200 and content type is JSON.]]>
            </line>
            <line>
              <![CDATA[Step 2: Verify that the response time is below 1s.]]>
            </line>
            <line>
              <![CDATA[Step 3: Verify in Response - 'Place Name' for each input 'Country' and 'Postal Code'.]]>
            </line>
          </reporter-output>
        </test-method> <!-- testDataDrivenApi -->
        <test-method status="PASS" signature="testDataDrivenApi(java.lang.String, java.lang.String, java.lang.String)[pri:1, instance:Tests.APITest@712625fd]" name="testDataDrivenApi" duration-ms="822" started-at="2021-03-02T11:24:34Z" data-provider="data-provider" finished-at="2021-03-02T11:24:34Z">
          <params>
            <param index="0">
              <value>
                <![CDATA[us]]>
              </value>
            </param>
            <param index="1">
              <value>
                <![CDATA[12345]]>
              </value>
            </param>
            <param index="2">
              <value>
                <![CDATA[Schenectady]]>
              </value>
            </param>
          </params>
          <reporter-output>
            <line>
              <![CDATA[Date driven Test]]>
            </line>
            <line>
              <![CDATA[Step 1: Verify that the response status code is 200 and content type is JSON.]]>
            </line>
            <line>
              <![CDATA[Step 2: Verify that the response time is below 1s.]]>
            </line>
            <line>
              <![CDATA[Step 3: Verify in Response - 'Place Name' for each input 'Country' and 'Postal Code'.]]>
            </line>
          </reporter-output>
        </test-method> <!-- testDataDrivenApi -->
        <test-method status="PASS" signature="testDataDrivenApi(java.lang.String, java.lang.String, java.lang.String)[pri:1, instance:Tests.APITest@712625fd]" name="testDataDrivenApi" duration-ms="770" started-at="2021-03-02T11:24:34Z" data-provider="data-provider" finished-at="2021-03-02T11:24:35Z">
          <params>
            <param index="0">
              <value>
                <![CDATA[ca]]>
              </value>
            </param>
            <param index="1">
              <value>
                <![CDATA[B2R]]>
              </value>
            </param>
            <param index="2">
              <value>
                <![CDATA[Waverley]]>
              </value>
            </param>
          </params>
          <reporter-output>
            <line>
              <![CDATA[Date driven Test]]>
            </line>
            <line>
              <![CDATA[Step 1: Verify that the response status code is 200 and content type is JSON.]]>
            </line>
            <line>
              <![CDATA[Step 2: Verify that the response time is below 1s.]]>
            </line>
            <line>
              <![CDATA[Step 3: Verify in Response - 'Place Name' for each input 'Country' and 'Postal Code'.]]>
            </line>
          </reporter-output>
        </test-method> <!-- testDataDrivenApi -->
      </class> <!-- Tests.APITest -->
    </test> <!-- APITest -->
  </suite> <!-- UI and API tests -->
</testng-results>
