<?xml version="1.0" encoding="UTF-8"?>
<testng-results skipped="0" failed="1" ignored="0" total="12" passed="11">
  <reporter-output>
    <line>
      <![CDATA[Step 1: Launch the browser and open link and accept cookies.]]>
    </line>
    <line>
      <![CDATA[Step 2: Click on automation from service tab  and verify automation page is displayed]]>
    </line>
    <line>
      <![CDATA[Step 3: verify Automation is selected in service menu.]]>
    </line>
    <line>
      <![CDATA[Step 1: Launch the browser and open link.]]>
    </line>
    <line>
      <![CDATA[Step 2: Navigate to Automation section and scrole to contact us form.]]>
    </line>
    <line>
      <![CDATA[Step 3: Fill contact us form with random values]]>
    </line>
    <line>
      <![CDATA[Step 1: Launch the browser and open link.]]>
    </line>
    <line>
      <![CDATA[Step 2: Click on worldwide drop down in home screen and save all link]]>
    </line>
    <line>
      <![CDATA[Step 3: verify all links are valid.]]>
    </line>
    <line>
      <![CDATA[Close the browser]]>
    </line>
    <line>
      <![CDATA[Negative test for test 'testForPostCodeAndPlace']]>
    </line>
    <line>
      <![CDATA[Negative test for the method 'testForStatusCodeAndJson']]>
    </line>
    <line>
      <![CDATA[Verify in Response - That country is 'Germany' and state is 'Baden-Württemberg'.]]>
    </line>
    <line>
      <![CDATA[Verify in Response - For Post Code '70597' the place name has 'Stuttgart Degerloch'.]]>
    </line>
    <line>
      <![CDATA[Verify that the response time is below 1s.]]>
    </line>
    <line>
      <![CDATA[Verify that the response status code is 200 and content type is JSON.]]>
    </line>
    <line>
      <![CDATA[Date driven Test]]>
    </line>
    <line>
      <![CDATA[Step 1: Verify that the response status code is 200 and content type is JSON.]]>
    </line>
    <line>
      <![CDATA[Step 2: Verify that the response time is below 1s.]]>
    </line>
    <line>
      <![CDATA[Step 3: Verify in Response - 'Place Name' for each input 'Country' and 'Postal Code'.]]>
    </line>
    <line>
      <![CDATA[Date driven Test]]>
    </line>
    <line>
      <![CDATA[Step 1: Verify that the response status code is 200 and content type is JSON.]]>
    </line>
    <line>
      <![CDATA[Step 2: Verify that the response time is below 1s.]]>
    </line>
    <line>
      <![CDATA[Step 3: Verify in Response - 'Place Name' for each input 'Country' and 'Postal Code'.]]>
    </line>
    <line>
      <![CDATA[Date driven Test]]>
    </line>
    <line>
      <![CDATA[Step 1: Verify that the response status code is 200 and content type is JSON.]]>
    </line>
    <line>
      <![CDATA[Step 2: Verify that the response time is below 1s.]]>
    </line>
    <line>
      <![CDATA[Step 3: Verify in Response - 'Place Name' for each input 'Country' and 'Postal Code'.]]>
    </line>
  </reporter-output>
  <suite name="UI and API tests" duration-ms="50481" started-at="2021-03-01T16:31:24Z" finished-at="2021-03-01T16:32:15Z">
    <groups>
    </groups>
    <test name="UI test" duration-ms="46153" started-at="2021-03-01T16:31:24Z" finished-at="2021-03-01T16:32:10Z">
      <class name="Tests.UITest">
        <test-method status="PASS" signature="testAutomationIsSelectedInMenu()[pri:1, instance:Tests.UITest@4de4b452]" name="testAutomationIsSelectedInMenu" duration-ms="5133" started-at="2021-03-01T16:31:24Z" finished-at="2021-03-01T16:31:29Z">
          <reporter-output>
            <line>
              <![CDATA[Step 1: Launch the browser and open link and accept cookies.]]>
            </line>
            <line>
              <![CDATA[Step 2: Click on automation from service tab  and verify automation page is displayed]]>
            </line>
            <line>
              <![CDATA[Step 3: verify Automation is selected in service menu.]]>
            </line>
          </reporter-output>
        </test-method> <!-- testAutomationIsSelectedInMenu -->
        <test-method status="FAIL" signature="testContactUs()[pri:2, instance:Tests.UITest@4de4b452]" name="testContactUs" duration-ms="34170" started-at="2021-03-01T16:31:29Z" finished-at="2021-03-01T16:32:03Z">
          <exception class="org.openqa.selenium.TimeoutException">
            <message>
              <![CDATA[Expected condition failed: waiting for visibility of Proxy element for: DefaultElementLocator 'By.id: 06838eea-8980-4305-83d0-42236fb4d528' (tried for 30 second(s) with 500 milliseconds interval)]]>
            </message>
            <full-stacktrace>
              <![CDATA[org.openqa.selenium.TimeoutException: Expected condition failed: waiting for visibility of Proxy element for: DefaultElementLocator 'By.id: 06838eea-8980-4305-83d0-42236fb4d528' (tried for 30 second(s) with 500 milliseconds interval)
at org.openqa.selenium.support.ui.WebDriverWait.timeoutException(WebDriverWait.java:95)
at org.openqa.selenium.support.ui.FluentWait.until(FluentWait.java:272)
at Pages.PageHelper.waitUntilElementIsVisible(PageHelper.java:25)
at Pages.AutomationWebPage.fillContactForm(AutomationWebPage.java:85)
at Tests.UITest.testContactUs(UITest.java:35)
at sun.reflect.NativeMethodAccessorImpl.invoke0(Native Method)
at sun.reflect.NativeMethodAccessorImpl.invoke(NativeMethodAccessorImpl.java:62)
at sun.reflect.DelegatingMethodAccessorImpl.invoke(DelegatingMethodAccessorImpl.java:43)
at java.lang.reflect.Method.invoke(Method.java:498)
at org.testng.internal.MethodInvocationHelper.invokeMethod(MethodInvocationHelper.java:124)
at org.testng.internal.Invoker.invokeMethod(Invoker.java:583)
at org.testng.internal.Invoker.invokeTestMethod(Invoker.java:719)
at org.testng.internal.Invoker.invokeTestMethods(Invoker.java:989)
at org.testng.internal.TestMethodWorker.invokeTestMethods(TestMethodWorker.java:125)
at org.testng.internal.TestMethodWorker.run(TestMethodWorker.java:109)
at org.testng.TestRunner.privateRun(TestRunner.java:648)
at org.testng.TestRunner.run(TestRunner.java:505)
at org.testng.SuiteRunner.runTest(SuiteRunner.java:455)
at org.testng.SuiteRunner.runSequentially(SuiteRunner.java:450)
at org.testng.SuiteRunner.privateRun(SuiteRunner.java:415)
at org.testng.SuiteRunner.run(SuiteRunner.java:364)
at org.testng.SuiteRunnerWorker.runSuite(SuiteRunnerWorker.java:52)
at org.testng.SuiteRunnerWorker.run(SuiteRunnerWorker.java:84)
at org.testng.TestNG.runSuitesSequentially(TestNG.java:1208)
at org.testng.TestNG.runSuitesLocally(TestNG.java:1137)
at org.testng.TestNG.runSuites(TestNG.java:1049)
at org.testng.TestNG.run(TestNG.java:1017)
at com.intellij.rt.testng.IDEARemoteTestNG.run(IDEARemoteTestNG.java:66)
at com.intellij.rt.testng.RemoteTestNGStarter.main(RemoteTestNGStarter.java:109)
Caused by: org.openqa.selenium.NoSuchElementException: no such element: Unable to locate element: {"method":"css selector","selector":"#\30 6838eea\-8980\-4305\-83d0\-42236fb4d528"}
  (Session info: chrome=88.0.4324.192)
For documentation on this error, please visit: https://www.seleniumhq.org/exceptions/no_such_element.html
Build info: version: '3.141.59', revision: 'e82be7d358', time: '2018-11-14T08:17:03'
System info: host: 'Lokeshs-Air-250', ip: '2a02:8070:db3:5700:0:0:0:abff', os.name: 'Mac OS X', os.arch: 'x86_64', os.version: '10.16', java.version: '1.8.0_77'
Driver info: org.openqa.selenium.chrome.ChromeDriver
Capabilities {acceptInsecureCerts: false, browserName: chrome, browserVersion: 88.0.4324.192, chrome: {chromedriverVersion: 88.0.4324.96 (68dba2d8a0b14..., userDataDir: /var/folders/8g/khcy6ptx1pg...}, goog:chromeOptions: {debuggerAddress: localhost:50150}, javascriptEnabled: true, networkConnectionEnabled: false, pageLoadStrategy: normal, platform: MAC, platformName: MAC, proxy: Proxy(), setWindowRect: true, strictFileInteractability: false, timeouts: {implicit: 0, pageLoad: 300000, script: 30000}, unhandledPromptBehavior: dismiss and notify, webauthn:extension:largeBlob: true, webauthn:virtualAuthenticators: true}
Session ID: ba73e7a0567cc77610a07149a64866d1
*** Element info: {Using=id, value=06838eea-8980-4305-83d0-42236fb4d528}
at sun.reflect.GeneratedConstructorAccessor13.newInstance(Unknown Source)
at sun.reflect.DelegatingConstructorAccessorImpl.newInstance(DelegatingConstructorAccessorImpl.java:45)
at java.lang.reflect.Constructor.newInstance(Constructor.java:423)
at org.openqa.selenium.remote.http.W3CHttpResponseCodec.createException(W3CHttpResponseCodec.java:187)
at org.openqa.selenium.remote.http.W3CHttpResponseCodec.decode(W3CHttpResponseCodec.java:122)
at org.openqa.selenium.remote.http.W3CHttpResponseCodec.decode(W3CHttpResponseCodec.java:49)
at org.openqa.selenium.remote.HttpCommandExecutor.execute(HttpCommandExecutor.java:158)
at org.openqa.selenium.remote.service.DriverCommandExecutor.execute(DriverCommandExecutor.java:83)
at org.openqa.selenium.remote.RemoteWebDriver.execute(RemoteWebDriver.java:552)
at org.openqa.selenium.remote.RemoteWebDriver.findElement(RemoteWebDriver.java:323)
at org.openqa.selenium.remote.RemoteWebDriver.findElementById(RemoteWebDriver.java:372)
at org.openqa.selenium.By$ById.findElement(By.java:188)
at org.openqa.selenium.remote.RemoteWebDriver.findElement(RemoteWebDriver.java:315)
at org.openqa.selenium.support.pagefactory.DefaultElementLocator.findElement(DefaultElementLocator.java:69)
at org.openqa.selenium.support.pagefactory.internal.LocatingElementHandler.invoke(LocatingElementHandler.java:38)
at com.sun.proxy.$Proxy7.isDisplayed(Unknown Source)
at org.openqa.selenium.support.ui.ExpectedConditions.elementIfVisible(ExpectedConditions.java:314)
at org.openqa.selenium.support.ui.ExpectedConditions.access$000(ExpectedConditions.java:43)
at org.openqa.selenium.support.ui.ExpectedConditions$10.apply(ExpectedConditions.java:300)
at org.openqa.selenium.support.ui.ExpectedConditions$10.apply(ExpectedConditions.java:297)
at org.openqa.selenium.support.ui.FluentWait.until(FluentWait.java:249)
... 27 more
]]>
            </full-stacktrace>
          </exception> <!-- org.openqa.selenium.TimeoutException -->
          <reporter-output>
            <line>
              <![CDATA[Step 1: Launch the browser and open link.]]>
            </line>
            <line>
              <![CDATA[Step 2: Navigate to Automation section and scrole to contact us form.]]>
            </line>
            <line>
              <![CDATA[Step 3: Fill contact us form with random values]]>
            </line>
          </reporter-output>
        </test-method> <!-- testContactUs -->
        <test-method status="PASS" signature="testValidSogetiLinks()[pri:3, instance:Tests.UITest@4de4b452]" name="testValidSogetiLinks" duration-ms="6648" started-at="2021-03-01T16:32:03Z" finished-at="2021-03-01T16:32:10Z">
          <reporter-output>
            <line>
              <![CDATA[Step 1: Launch the browser and open link.]]>
            </line>
            <line>
              <![CDATA[Step 2: Click on worldwide drop down in home screen and save all link]]>
            </line>
            <line>
              <![CDATA[Step 3: verify all links are valid.]]>
            </line>
          </reporter-output>
        </test-method> <!-- testValidSogetiLinks -->
        <test-method status="PASS" signature="closeBrowser()[pri:0, instance:Tests.UITest@4de4b452]" name="closeBrowser" is-config="true" duration-ms="162" started-at="2021-03-01T16:32:10Z" finished-at="2021-03-01T16:32:10Z">
          <reporter-output>
            <line>
              <![CDATA[Close the browser]]>
            </line>
          </reporter-output>
        </test-method> <!-- closeBrowser -->
      </class> <!-- Tests.UITest -->
    </test> <!-- UI test -->
    <test name="API test" duration-ms="4252" started-at="2021-03-01T16:32:10Z" finished-at="2021-03-01T16:32:15Z">
      <class name="Tests.APITest">
        <test-method status="PASS" signature="negetiveTestForPostCodeAndPlace()[pri:0, instance:Tests.APITest@712625fd]" name="negetiveTestForPostCodeAndPlace" duration-ms="973" started-at="2021-03-01T16:32:10Z" finished-at="2021-03-01T16:32:11Z">
          <exception class="java.lang.AssertionError">
            <message>
              <![CDATA[Not matched]]>
            </message>
            <full-stacktrace>
              <![CDATA[java.lang.AssertionError: Not matched
at org.junit.Assert.fail(Assert.java:88)
at org.junit.Assert.assertTrue(Assert.java:41)
at apiBase.APIBase.assertPostCodeAndPlaceName(APIBase.java:94)
at Tests.APITest.negetiveTestForPostCodeAndPlace(APITest.java:44)
at sun.reflect.NativeMethodAccessorImpl.invoke0(Native Method)
at sun.reflect.NativeMethodAccessorImpl.invoke(NativeMethodAccessorImpl.java:62)
at sun.reflect.DelegatingMethodAccessorImpl.invoke(DelegatingMethodAccessorImpl.java:43)
at java.lang.reflect.Method.invoke(Method.java:498)
at org.testng.internal.MethodInvocationHelper.invokeMethod(MethodInvocationHelper.java:124)
at org.testng.internal.Invoker.invokeMethod(Invoker.java:583)
at org.testng.internal.Invoker.invokeTestMethod(Invoker.java:719)
at org.testng.internal.Invoker.invokeTestMethods(Invoker.java:989)
at org.testng.internal.TestMethodWorker.invokeTestMethods(TestMethodWorker.java:125)
at org.testng.internal.TestMethodWorker.run(TestMethodWorker.java:109)
at org.testng.TestRunner.privateRun(TestRunner.java:648)
at org.testng.TestRunner.run(TestRunner.java:505)
at org.testng.SuiteRunner.runTest(SuiteRunner.java:455)
at org.testng.SuiteRunner.runSequentially(SuiteRunner.java:450)
at org.testng.SuiteRunner.privateRun(SuiteRunner.java:415)
at org.testng.SuiteRunner.run(SuiteRunner.java:364)
at org.testng.SuiteRunnerWorker.runSuite(SuiteRunnerWorker.java:52)
at org.testng.SuiteRunnerWorker.run(SuiteRunnerWorker.java:84)
at org.testng.TestNG.runSuitesSequentially(TestNG.java:1208)
at org.testng.TestNG.runSuitesLocally(TestNG.java:1137)
at org.testng.TestNG.runSuites(TestNG.java:1049)
at org.testng.TestNG.run(TestNG.java:1017)
at com.intellij.rt.testng.IDEARemoteTestNG.run(IDEARemoteTestNG.java:66)
at com.intellij.rt.testng.RemoteTestNGStarter.main(RemoteTestNGStarter.java:109)
]]>
            </full-stacktrace>
          </exception> <!-- java.lang.AssertionError -->
          <reporter-output>
            <line>
              <![CDATA[Negative test for test 'testForPostCodeAndPlace']]>
            </line>
          </reporter-output>
        </test-method> <!-- negetiveTestForPostCodeAndPlace -->
        <test-method status="PASS" signature="negetiveTestForStatusCodeAndJson()[pri:0, instance:Tests.APITest@712625fd]" name="negetiveTestForStatusCodeAndJson" duration-ms="189" started-at="2021-03-01T16:32:11Z" finished-at="2021-03-01T16:32:11Z">
          <exception class="java.lang.IllegalThreadStateException">
            <message>
              <![CDATA[Status code not ok 200 (ok): InboundJaxrsResponse{ClientResponse{method=GET, uri=http://api.zippopotam.us/en/bw/stuttgart, status=404, reason=Not Found}}
{}]]>
            </message>
            <full-stacktrace>
              <![CDATA[java.lang.IllegalThreadStateException: Status code not ok 200 (ok): InboundJaxrsResponse{ClientResponse{method=GET, uri=http://api.zippopotam.us/en/bw/stuttgart, status=404, reason=Not Found}}
{}
at apiBase.APIBase.assertResponseJsonAndStatusCode(APIBase.java:66)
at Tests.APITest.negetiveTestForStatusCodeAndJson(APITest.java:20)
at sun.reflect.NativeMethodAccessorImpl.invoke0(Native Method)
at sun.reflect.NativeMethodAccessorImpl.invoke(NativeMethodAccessorImpl.java:62)
at sun.reflect.DelegatingMethodAccessorImpl.invoke(DelegatingMethodAccessorImpl.java:43)
at java.lang.reflect.Method.invoke(Method.java:498)
at org.testng.internal.MethodInvocationHelper.invokeMethod(MethodInvocationHelper.java:124)
at org.testng.internal.Invoker.invokeMethod(Invoker.java:583)
at org.testng.internal.Invoker.invokeTestMethod(Invoker.java:719)
at org.testng.internal.Invoker.invokeTestMethods(Invoker.java:989)
at org.testng.internal.TestMethodWorker.invokeTestMethods(TestMethodWorker.java:125)
at org.testng.internal.TestMethodWorker.run(TestMethodWorker.java:109)
at org.testng.TestRunner.privateRun(TestRunner.java:648)
at org.testng.TestRunner.run(TestRunner.java:505)
at org.testng.SuiteRunner.runTest(SuiteRunner.java:455)
at org.testng.SuiteRunner.runSequentially(SuiteRunner.java:450)
at org.testng.SuiteRunner.privateRun(SuiteRunner.java:415)
at org.testng.SuiteRunner.run(SuiteRunner.java:364)
at org.testng.SuiteRunnerWorker.runSuite(SuiteRunnerWorker.java:52)
at org.testng.SuiteRunnerWorker.run(SuiteRunnerWorker.java:84)
at org.testng.TestNG.runSuitesSequentially(TestNG.java:1208)
at org.testng.TestNG.runSuitesLocally(TestNG.java:1137)
at org.testng.TestNG.runSuites(TestNG.java:1049)
at org.testng.TestNG.run(TestNG.java:1017)
at com.intellij.rt.testng.IDEARemoteTestNG.run(IDEARemoteTestNG.java:66)
at com.intellij.rt.testng.RemoteTestNGStarter.main(RemoteTestNGStarter.java:109)
]]>
            </full-stacktrace>
          </exception> <!-- java.lang.IllegalThreadStateException -->
          <reporter-output>
            <line>
              <![CDATA[Negative test for the method 'testForStatusCodeAndJson']]>
            </line>
          </reporter-output>
        </test-method> <!-- negetiveTestForStatusCodeAndJson -->
        <test-method status="PASS" signature="testForCountryAndState()[pri:0, instance:Tests.APITest@712625fd]" name="testForCountryAndState" duration-ms="184" started-at="2021-03-01T16:32:11Z" finished-at="2021-03-01T16:32:12Z">
          <reporter-output>
            <line>
              <![CDATA[Verify in Response - That country is 'Germany' and state is 'Baden-Württemberg'.]]>
            </line>
          </reporter-output>
        </test-method> <!-- testForCountryAndState -->
        <test-method status="PASS" signature="testForPostCodeAndPlace()[pri:0, instance:Tests.APITest@712625fd]" name="testForPostCodeAndPlace" duration-ms="201" started-at="2021-03-01T16:32:12Z" finished-at="2021-03-01T16:32:12Z">
          <reporter-output>
            <line>
              <![CDATA[Verify in Response - For Post Code '70597' the place name has 'Stuttgart Degerloch'.]]>
            </line>
          </reporter-output>
        </test-method> <!-- testForPostCodeAndPlace -->
        <test-method status="PASS" signature="testForResponseTime()[pri:0, instance:Tests.APITest@712625fd]" name="testForResponseTime" duration-ms="180" started-at="2021-03-01T16:32:12Z" finished-at="2021-03-01T16:32:12Z">
          <reporter-output>
            <line>
              <![CDATA[Verify that the response time is below 1s.]]>
            </line>
          </reporter-output>
        </test-method> <!-- testForResponseTime -->
        <test-method status="PASS" signature="testForStatusCodeAndJson()[pri:0, instance:Tests.APITest@712625fd]" name="testForStatusCodeAndJson" duration-ms="272" started-at="2021-03-01T16:32:12Z" finished-at="2021-03-01T16:32:12Z">
          <reporter-output>
            <line>
              <![CDATA[Verify that the response status code is 200 and content type is JSON.]]>
            </line>
          </reporter-output>
        </test-method> <!-- testForStatusCodeAndJson -->
        <test-method status="PASS" signature="testDataDrivenApi(java.lang.String, java.lang.String, java.lang.String)[pri:1, instance:Tests.APITest@712625fd]" name="testDataDrivenApi" duration-ms="667" started-at="2021-03-01T16:32:12Z" data-provider="data-provider" finished-at="2021-03-01T16:32:13Z">
          <params>
            <param index="0">
              <value>
                <![CDATA[us]]>
              </value>
            </param>
            <param index="1">
              <value>
                <![CDATA[90210]]>
              </value>
            </param>
            <param index="2">
              <value>
                <![CDATA[Beverly Hills]]>
              </value>
            </param>
          </params>
          <reporter-output>
            <line>
              <![CDATA[Date driven Test]]>
            </line>
            <line>
              <![CDATA[Step 1: Verify that the response status code is 200 and content type is JSON.]]>
            </line>
            <line>
              <![CDATA[Step 2: Verify that the response time is below 1s.]]>
            </line>
            <line>
              <![CDATA[Step 3: Verify in Response - 'Place Name' for each input 'Country' and 'Postal Code'.]]>
            </line>
          </reporter-output>
        </test-method> <!-- testDataDrivenApi -->
        <test-method status="PASS" signature="testDataDrivenApi(java.lang.String, java.lang.String, java.lang.String)[pri:1, instance:Tests.APITest@712625fd]" name="testDataDrivenApi" duration-ms="942" started-at="2021-03-01T16:32:13Z" data-provider="data-provider" finished-at="2021-03-01T16:32:14Z">
          <params>
            <param index="0">
              <value>
                <![CDATA[us]]>
              </value>
            </param>
            <param index="1">
              <value>
                <![CDATA[12345]]>
              </value>
            </param>
            <param index="2">
              <value>
                <![CDATA[Schenectady]]>
              </value>
            </param>
          </params>
          <reporter-output>
            <line>
              <![CDATA[Date driven Test]]>
            </line>
            <line>
              <![CDATA[Step 1: Verify that the response status code is 200 and content type is JSON.]]>
            </line>
            <line>
              <![CDATA[Step 2: Verify that the response time is below 1s.]]>
            </line>
            <line>
              <![CDATA[Step 3: Verify in Response - 'Place Name' for each input 'Country' and 'Postal Code'.]]>
            </line>
          </reporter-output>
        </test-method> <!-- testDataDrivenApi -->
        <test-method status="PASS" signature="testDataDrivenApi(java.lang.String, java.lang.String, java.lang.String)[pri:1, instance:Tests.APITest@712625fd]" name="testDataDrivenApi" duration-ms="626" started-at="2021-03-01T16:32:14Z" data-provider="data-provider" finished-at="2021-03-01T16:32:15Z">
          <params>
            <param index="0">
              <value>
                <![CDATA[ca]]>
              </value>
            </param>
            <param index="1">
              <value>
                <![CDATA[B2R]]>
              </value>
            </param>
            <param index="2">
              <value>
                <![CDATA[Waverley]]>
              </value>
            </param>
          </params>
          <reporter-output>
            <line>
              <![CDATA[Date driven Test]]>
            </line>
            <line>
              <![CDATA[Step 1: Verify that the response status code is 200 and content type is JSON.]]>
            </line>
            <line>
              <![CDATA[Step 2: Verify that the response time is below 1s.]]>
            </line>
            <line>
              <![CDATA[Step 3: Verify in Response - 'Place Name' for each input 'Country' and 'Postal Code'.]]>
            </line>
          </reporter-output>
        </test-method> <!-- testDataDrivenApi -->
      </class> <!-- Tests.APITest -->
    </test> <!-- API test -->
  </suite> <!-- UI and API tests -->
</testng-results>
