<?xml version="1.0" encoding="UTF-8"?>
<!-- Generated by org.testng.reporters.JUnitReportReporter -->
<testsuite skipped="0" hostname="Lokeshs-Air" name="Tests.APITest" tests="9" failures="0" timestamp="02 Mar 2021 11:24:35 GMT" time="4.640" errors="0">
  <testcase name="negetiveTestForStatusCodeAndJson" time="0.201" classname="Tests.APITest"/>
  <testcase name="testForResponseTime" time="0.214" classname="Tests.APITest"/>
  <testcase name="testForPostCodeAndPlace" time="0.210" classname="Tests.APITest"/>
  <testcase name="negetiveTestForPostCodeAndPlace" time="1.033" classname="Tests.APITest"/>
  <testcase name="testForStatusCodeAndJson" time="0.267" classname="Tests.APITest"/>
  <testcase name="testForCountryAndState" time="0.225" classname="Tests.APITest"/>
  <testcase name="testDataDrivenApi" time="0.822" classname="Tests.APITest"/>
  <testcase name="testDataDrivenApi" time="0.770" classname="Tests.APITest"/>
  <testcase name="testDataDrivenApi" time="0.898" classname="Tests.APITest"/>
</testsuite> <!-- Tests.APITest -->
