<?xml version="1.0" encoding="UTF-8"?>
<!-- Generated by org.testng.reporters.JUnitReportReporter -->
<testsuite skipped="0" hostname="Lokeshs-Air-250" name="Tests.APITest" tests="9" failures="0" timestamp="01 Mar 2021 16:32:15 GMT" time="4.234" errors="0">
  <testcase name="negetiveTestForPostCodeAndPlace" time="0.973" classname="Tests.APITest"/>
  <testcase name="testForPostCodeAndPlace" time="0.201" classname="Tests.APITest"/>
  <testcase name="negetiveTestForStatusCodeAndJson" time="0.189" classname="Tests.APITest"/>
  <testcase name="testForCountryAndState" time="0.184" classname="Tests.APITest"/>
  <testcase name="testForStatusCodeAndJson" time="0.272" classname="Tests.APITest"/>
  <testcase name="testForResponseTime" time="0.180" classname="Tests.APITest"/>
  <testcase name="testDataDrivenApi" time="0.626" classname="Tests.APITest"/>
  <testcase name="testDataDrivenApi" time="0.942" classname="Tests.APITest"/>
  <testcase name="testDataDrivenApi" time="0.667" classname="Tests.APITest"/>
</testsuite> <!-- Tests.APITest -->
